<?xml version="1.0" encoding="UTF-8"?>
<!-- Generated by org.testng.reporters.JUnitReportReporter -->
<testsuite hostname="DESKTOP-2B70NNI" failures="0" tests="1" name="com.qa.TestScript.TestClass" time="14.549" errors="0" timestamp="2021-06-13T02:08:54 IST" skipped="0">
  <testcase classname="com.qa.TestScript.TestClass" name="addressbook" time="14.549"/>
  <system-out/>
</testsuite> <!-- com.qa.TestScript.TestClass -->
